\BOOKMARK [0][-]{section*.1}{\376\377\000g\000g\000f\000u\000n\000c\000t\000i\000o\000n\000:\000\040\000A\000\040\000G\000r\000a\000m\000m\000a\000r\000\040\000o\000f\000\040\000G\000r\000a\000p\000h\000i\000c\000s\000\040\000f\000o\000r\000\040\000M\000a\000t\000h\000e\000m\000a\000t\000i\000c\000a\000l\000\040\000F\000u\000n\000c\000t\000i\000o\000n\000s\000\040\000a\000n\000d\000\040\000P\000r\000o\000b\000a\000b\000i\000l\000i\000t\000y\000\040\000D\000i\000s\000t\000r\000i\000b\000u\000t\000i\000o\000n\000s}{}% 1
\BOOKMARK [1][-]{section.2.1}{\376\377\000I\000n\000t\000r\000o\000d\000u\000c\000t\000i\000o\000n}{section*.1}% 2
\BOOKMARK [1][-]{section.2.2}{\376\377\000D\000e\000s\000i\000g\000n\000\040\000p\000r\000i\000n\000c\000i\000p\000l\000e\000s}{section*.1}% 3
\BOOKMARK [2][-]{subsection.2.2.1}{\376\377\000A\000\040\000t\000a\000x\000o\000n\000o\000m\000y\000\040\000g\000r\000o\000u\000n\000d\000e\000d\000\040\000i\000n\000\040\000d\000i\000m\000e\000n\000s\000i\000o\000n}{section.2.2}% 4
\BOOKMARK [2][-]{subsection.2.2.2}{\376\377\000I\000n\000t\000e\000g\000r\000a\000t\000i\000o\000n\000\040\000w\000i\000t\000h\000\040\000t\000h\000e\000\040\000g\000r\000a\000m\000m\000a\000r\000\040\000o\000f\000\040\000g\000r\000a\000p\000h\000i\000c\000s}{section.2.2}% 5
\BOOKMARK [1][-]{section.2.3}{\376\377\000T\000h\000e\000\040\000d\000i\000m\000e\000n\000s\000i\000o\000n\000a\000l\000\040\000t\000a\000x\000o\000n\000o\000m\000y}{section*.1}% 6
\BOOKMARK [2][-]{subsection.2.3.1}{\376\377\000S\000c\000a\000l\000a\000r\000\040\000f\000u\000n\000c\000t\000i\000o\000n\000s\000:\000\040\000\134\000m\000a\000t\000h\000b\000b\000\173\000R\000\175\000\040\000\134\000t\000o\000\040\000\134\000m\000a\000t\000h\000b\000b\000\173\000R\000\175}{section.2.3}% 7
\BOOKMARK [2][-]{subsection.2.3.2}{\376\377\000P\000a\000r\000a\000m\000e\000t\000r\000i\000c\000\040\000c\000u\000r\000v\000e\000s\000:\000\040\000\134\000m\000a\000t\000h\000b\000b\000\173\000R\000\175\000\040\000\134\000t\000o\000\040\000\134\000m\000a\000t\000h\000b\000b\000\173\000R\000\175\000\136\0002}{section.2.3}% 8
\BOOKMARK [2][-]{subsection.2.3.3}{\376\377\000S\000c\000a\000l\000a\000r\000\040\000f\000i\000e\000l\000d\000s\000:\000\040\000\134\000m\000a\000t\000h\000b\000b\000\173\000R\000\175\000\136\0002\000\040\000\134\000t\000o\000\040\000\134\000m\000a\000t\000h\000b\000b\000\173\000R\000\175}{section.2.3}% 9
\BOOKMARK [2][-]{subsection.2.3.4}{\376\377\000V\000e\000c\000t\000o\000r\000\040\000f\000i\000e\000l\000d\000s\000:\000\040\000\134\000m\000a\000t\000h\000b\000b\000\173\000R\000\175\000\136\0002\000\040\000\134\000t\000o\000\040\000\134\000m\000a\000t\000h\000b\000b\000\173\000R\000\175\000\136\0002}{section.2.3}% 10
\BOOKMARK [1][-]{section.2.4}{\376\377\000T\000h\000e\000\040\000p\000r\000o\000b\000a\000b\000i\000l\000i\000t\000y\000\040\000d\000i\000s\000t\000r\000i\000b\000u\000t\000i\000o\000n\000\040\000f\000a\000m\000i\000l\000y}{section*.1}% 11
\BOOKMARK [2][-]{subsection.2.4.1}{\376\377\000D\000e\000n\000s\000i\000t\000y\000\040\000f\000u\000n\000c\000t\000i\000o\000n\000s\000:\000\040\000g\000e\000o\000m\000\137\000p\000d\000f\000\050\000\051}{section.2.4}% 12
\BOOKMARK [2][-]{subsection.2.4.2}{\376\377\000P\000r\000o\000b\000a\000b\000i\000l\000i\000t\000y\000\040\000m\000a\000s\000s\000\040\000f\000u\000n\000c\000t\000i\000o\000n\000s\000:\000\040\000g\000e\000o\000m\000\137\000p\000m\000f\000\050\000\051}{section.2.4}% 13
\BOOKMARK [2][-]{subsection.2.4.3}{\376\377\000C\000u\000m\000u\000l\000a\000t\000i\000v\000e\000\040\000d\000i\000s\000t\000r\000i\000b\000u\000t\000i\000o\000n\000\040\000a\000n\000d\000\040\000s\000u\000r\000v\000i\000v\000a\000l\000\040\000f\000u\000n\000c\000t\000i\000o\000n\000s}{section.2.4}% 14
\BOOKMARK [2][-]{subsection.2.4.4}{\376\377\000Q\000u\000a\000n\000t\000i\000l\000e\000\040\000f\000u\000n\000c\000t\000i\000o\000n\000s}{section.2.4}% 15
\BOOKMARK [2][-]{subsection.2.4.5}{\376\377\000H\000a\000z\000a\000r\000d\000\040\000f\000u\000n\000c\000t\000i\000o\000n\000s\000:\000\040\000g\000e\000o\000m\000\137\000h\000f\000\050\000\051}{section.2.4}% 16
\BOOKMARK [1][-]{section.2.5}{\376\377\000T\000h\000e\000\040\000e\000m\000p\000i\000r\000i\000c\000a\000l\000\040\000d\000a\000t\000a\000\040\000f\000a\000m\000i\000l\000y}{section*.1}% 17
\BOOKMARK [2][-]{subsection.2.5.1}{\376\377\000E\000m\000p\000i\000r\000i\000c\000a\000l\000\040\000C\000D\000F\000:\000\040\000g\000e\000o\000m\000\137\000e\000c\000d\000f\000\050\000\051}{section.2.5}% 18
\BOOKMARK [2][-]{subsection.2.5.2}{\376\377\000E\000m\000p\000i\000r\000i\000c\000a\000l\000\040\000q\000u\000a\000n\000t\000i\000l\000e\000\040\000f\000u\000n\000c\000t\000i\000o\000n\000:\000\040\000g\000e\000o\000m\000\137\000e\000q\000f\000\050\000\051}{section.2.5}% 19
\BOOKMARK [2][-]{subsection.2.5.3}{\376\377\000E\000m\000p\000i\000r\000i\000c\000a\000l\000\040\000P\000M\000F\000:\000\040\000g\000e\000o\000m\000\137\000e\000p\000m\000f\000\050\000\051}{section.2.5}% 20
\BOOKMARK [2][-]{subsection.2.5.4}{\376\377\000V\000a\000l\000i\000d\000i\000t\000y\000\040\000o\000f\000\040\000t\000h\000e\000\040\000c\000o\000n\000f\000i\000d\000e\000n\000c\000e\000\040\000b\000a\000n\000d}{section.2.5}% 21
\BOOKMARK [1][-]{section.2.6}{\376\377\000I\000m\000p\000l\000e\000m\000e\000n\000t\000a\000t\000i\000o\000n}{section*.1}% 22
\BOOKMARK [2][-]{subsection.2.6.1}{\376\377\000A\000r\000c\000h\000i\000t\000e\000c\000t\000u\000r\000e}{section.2.6}% 23
\BOOKMARK [2][-]{subsection.2.6.2}{\376\377\000F\000u\000n\000c\000t\000i\000o\000n\000\040\000i\000n\000j\000e\000c\000t\000i\000o\000n}{section.2.6}% 24
\BOOKMARK [2][-]{subsection.2.6.3}{\376\377\000N\000u\000m\000e\000r\000i\000c\000a\000l\000\040\000c\000o\000n\000s\000i\000d\000e\000r\000a\000t\000i\000o\000n\000s}{section.2.6}% 25
\BOOKMARK [1][-]{section.2.7}{\376\377\000C\000o\000m\000p\000o\000s\000a\000b\000i\000l\000i\000t\000y\000\040\000a\000n\000d\000\040\000t\000h\000e\000\040\000g\000r\000a\000m\000m\000a\000r}{section*.1}% 26
\BOOKMARK [1][-]{section.2.8}{\376\377\000R\000e\000l\000a\000t\000e\000d\000\040\000p\000a\000c\000k\000a\000g\000e\000s}{section*.1}% 27
\BOOKMARK [1][-]{section.2.9}{\376\377\000S\000u\000m\000m\000a\000r\000y}{section*.1}% 28
\BOOKMARK [1][-]{section.2.10}{\376\377\000A\000c\000k\000n\000o\000w\000l\000e\000d\000g\000m\000e\000n\000t\000s}{section*.1}% 29
